<?xml version="1.0" encoding="UTF-8"?>
<testsuite xmlns:xsi="http://www.w3.org/2001/XMLSchema-instance" xsi:noNamespaceSchemaLocation="https://maven.apache.org/surefire/maven-surefire-plugin/xsd/surefire-test-report.xsd" name="com.javatechie.reactive.SpringReactiveMongoCrudApplicationTests" time="6.37" tests="5" errors="0" skipped="0" failures="0">
  <properties>
[...]
</properties>
  <testcase name="getProductTest" classname="com.javatechie.reactive.SpringReactiveMongoCrudApplicationTests" time="0.142"/>
  <testcase name="getProductsTest" classname="com.javatechie.reactive.SpringReactiveMongoCrudApplicationTests" time="0.01"/>
  <testcase name="deleteProductTest" classname="com.javatechie.reactive.SpringReactiveMongoCrudApplicationTests" time="0.005"/>
  <testcase name="addProductTest" classname="com.javatechie.reactive.SpringReactiveMongoCrudApplicationTests" time="0.019"/>
  <testcase name="updateProductTest" classname="com.javatechie.reactive.SpringReactiveMongoCrudApplicationTests" time="0.004"/>
</testsuite>